**** Debug log started: Mon Nov 10 12:42:05 CST 2014 ****
% Storage System: v1 file storage mode.
% Internal Data Cache size:          4194304
% Internal Data Cache max cell size: 8192
% lookup_comparison_list = false
% read_only = false
% transaction_error_on_dirty_select = true
% ignore_case_for_identifiers = false
% Java NIO API is available.
% io_safety_level = 10
% Using stardard IO API for heap buffered file access.
% [Buffer Manager] Using IO API: Java IO
% [Buffer Manager] Page Size: 8192
% [Buffer Manager] Max pages: 256
% Using regex bridge: gnu.regexp
% No 'function_factories' config property found.
% statement_cache = true
% Max worker threads set to: 4
% Starting Database Server
**** Debug log started: Tue Nov 11 14:11:49 CST 2014 ****
% Storage System: v1 file storage mode.
% Internal Data Cache size:          4194304
% Internal Data Cache max cell size: 8192
% lookup_comparison_list = false
% read_only = false
% transaction_error_on_dirty_select = true
% ignore_case_for_identifiers = false
% Java NIO API is available.
% io_safety_level = 10
% Using stardard IO API for heap buffered file access.
% [Buffer Manager] Using IO API: Java IO
% [Buffer Manager] Page Size: 8192
% [Buffer Manager] Max pages: 256
% Using regex bridge: gnu.regexp
% No 'function_factories' config property found.
% statement_cache = true
% Max worker threads set to: 4
% Starting Database Server
**** Debug log started: Tue Nov 11 14:32:17 CST 2014 ****
% Storage System: v1 file storage mode.
% Internal Data Cache size:          4194304
% Internal Data Cache max cell size: 8192
% lookup_comparison_list = false
% read_only = false
% transaction_error_on_dirty_select = true
% ignore_case_for_identifiers = false
% Java NIO API is available.
% io_safety_level = 10
% Using stardard IO API for heap buffered file access.
% [Buffer Manager] Using IO API: Java IO
% [Buffer Manager] Page Size: 8192
% [Buffer Manager] Max pages: 256
% Using regex bridge: gnu.regexp
% No 'function_factories' config property found.
% statement_cache = true
% Max worker threads set to: 4
% Starting Database Server
> com.mckoi.database.V1FileStoreSystem ( lvl: 20 )
  File lock file exists: /Users/Teri/NetBeansProjects/CMPS-360/3b2_socketmckoidb/socketdb/./data/DefaultDatabase.lock
[ TIME: Tue Nov 11 14:32:17 CST 2014 ]
% java.net.BindException: Address already in use
	at java.net.PlainSocketImpl.socketBind(Native Method)
	at java.net.AbstractPlainSocketImpl.bind(AbstractPlainSocketImpl.java:376)
	at java.net.ServerSocket.bind(ServerSocket.java:376)
	at java.net.ServerSocket.<init>(ServerSocket.java:237)
	at com.mckoi.database.jdbcserver.TCPServer.start(TCPServer.java:167)
	at com.mckoi.database.control.TCPJDBCServer.start(TCPJDBCServer.java:169)
	at com.mckoi.runtime.McKoiDBMain.doBoot(McKoiDBMain.java:167)
	at com.mckoi.runtime.McKoiDBMain.main(McKoiDBMain.java:296)
> com.mckoi.database.jdbcserver.TCPServer ( lvl: 40 )
  Unable to start a server socket on port: 9157
**** Debug log started: Tue Nov 11 14:33:19 CST 2014 ****
% Storage System: v1 file storage mode.
% Internal Data Cache size:          4194304
% Internal Data Cache max cell size: 8192
% lookup_comparison_list = false
% read_only = false
% transaction_error_on_dirty_select = true
% ignore_case_for_identifiers = false
% Java NIO API is available.
% io_safety_level = 10
% Using stardard IO API for heap buffered file access.
% [Buffer Manager] Using IO API: Java IO
% [Buffer Manager] Page Size: 8192
% [Buffer Manager] Max pages: 256
% Using regex bridge: gnu.regexp
% No 'function_factories' config property found.
% statement_cache = true
% Max worker threads set to: 4
% Starting Database Server
**** Debug log started: Tue Nov 11 14:49:00 CST 2014 ****
% Storage System: v1 file storage mode.
% Internal Data Cache size:          4194304
% Internal Data Cache max cell size: 8192
% lookup_comparison_list = false
% read_only = false
% transaction_error_on_dirty_select = true
% ignore_case_for_identifiers = false
% Java NIO API is available.
% io_safety_level = 10
% Using stardard IO API for heap buffered file access.
% [Buffer Manager] Using IO API: Java IO
% [Buffer Manager] Page Size: 8192
% [Buffer Manager] Max pages: 256
% Using regex bridge: gnu.regexp
% No 'function_factories' config property found.
% statement_cache = true
% Max worker threads set to: 4
% Starting Database Server
> com.mckoi.database.jdbcserver.JDBCDatabaseInterface ( lvl: 20 )
  Couldn't change to 'BedrockU.conf' schema.
> com.mckoi.database.jdbcserver.JDBCDatabaseInterface ( lvl: 20 )
  Exception thrown during query processing on: [ Query:
[ DROP TABLE Student ]

]
[ TIME: Tue Nov 11 14:49:14 CST 2014 ]
% com.mckoi.database.DatabaseException: Table 'APP.Student' does not exist.
	at com.mckoi.database.interpret.DropTable.evaluate(DropTable.java:92)
	at com.mckoi.database.interpret.SQLQueryExecutor.execute(SQLQueryExecutor.java:147)
	at com.mckoi.database.jdbcserver.AbstractJDBCDatabaseInterface.execQuery(AbstractJDBCDatabaseInterface.java:461)
	at com.mckoi.database.jdbcserver.JDBCDatabaseInterface.execQuery(JDBCDatabaseInterface.java:251)
	at com.mckoi.database.jdbcserver.JDBCProcessor.queryCommand(JDBCProcessor.java:352)
	at com.mckoi.database.jdbcserver.JDBCProcessor.processQuery(JDBCProcessor.java:293)
	at com.mckoi.database.jdbcserver.JDBCProcessor.processJDBCCommand(JDBCProcessor.java:196)
	at com.mckoi.database.jdbcserver.StreamJDBCServerConnection.processRequest(StreamJDBCServerConnection.java:137)
	at com.mckoi.database.jdbcserver.MultiThreadedConnectionPoolServer$1.run(MultiThreadedConnectionPoolServer.java:171)
	at com.mckoi.database.WorkerThread.run(WorkerThread.java:123)
> com.mckoi.database.jdbcserver.JDBCDatabaseInterface ( lvl: 20 )
  Couldn't change to 'BedrockU.conf' schema.
**** Debug log started: Tue Nov 11 15:00:29 CST 2014 ****
% Storage System: v1 file storage mode.
% Internal Data Cache size:          4194304
% Internal Data Cache max cell size: 8192
% lookup_comparison_list = false
% read_only = false
% transaction_error_on_dirty_select = true
% ignore_case_for_identifiers = false
% Java NIO API is available.
% io_safety_level = 10
% Using stardard IO API for heap buffered file access.
% [Buffer Manager] Using IO API: Java IO
% [Buffer Manager] Page Size: 8192
% [Buffer Manager] Max pages: 256
% Using regex bridge: gnu.regexp
% No 'function_factories' config property found.
% statement_cache = true
% Max worker threads set to: 4
% Starting Database Server
> com.mckoi.database.jdbcserver.JDBCDatabaseInterface ( lvl: 20 )
  Couldn't change to 'BedrockU.conf' schema.
**** Debug log started: Tue Nov 11 15:03:02 CST 2014 ****
% Storage System: v1 file storage mode.
% Internal Data Cache size:          4194304
% Internal Data Cache max cell size: 8192
% lookup_comparison_list = false
% read_only = false
% transaction_error_on_dirty_select = true
% ignore_case_for_identifiers = false
% Java NIO API is available.
% io_safety_level = 10
% Using stardard IO API for heap buffered file access.
% [Buffer Manager] Using IO API: Java IO
% [Buffer Manager] Page Size: 8192
% [Buffer Manager] Max pages: 256
% Using regex bridge: gnu.regexp
% No 'function_factories' config property found.
% statement_cache = true
% Max worker threads set to: 4
% Starting Database Server
> com.mckoi.database.V1FileStoreSystem ( lvl: 20 )
  File lock file exists: /Users/Teri/NetBeansProjects/CMPS-360/3b2_socketmckoidb/socketdb/./data/DefaultDatabase.lock
[ TIME: Tue Nov 11 15:03:02 CST 2014 ]
% java.net.BindException: Address already in use
	at java.net.PlainSocketImpl.socketBind(Native Method)
	at java.net.AbstractPlainSocketImpl.bind(AbstractPlainSocketImpl.java:376)
	at java.net.ServerSocket.bind(ServerSocket.java:376)
	at java.net.ServerSocket.<init>(ServerSocket.java:237)
	at com.mckoi.database.jdbcserver.TCPServer.start(TCPServer.java:167)
	at com.mckoi.database.control.TCPJDBCServer.start(TCPJDBCServer.java:169)
	at com.mckoi.runtime.McKoiDBMain.doBoot(McKoiDBMain.java:167)
	at com.mckoi.runtime.McKoiDBMain.main(McKoiDBMain.java:296)
> com.mckoi.database.jdbcserver.TCPServer ( lvl: 40 )
  Unable to start a server socket on port: 9157
**** Debug log started: Tue Nov 11 15:03:21 CST 2014 ****
% Storage System: v1 file storage mode.
% Internal Data Cache size:          4194304
% Internal Data Cache max cell size: 8192
% lookup_comparison_list = false
% read_only = false
% transaction_error_on_dirty_select = true
% ignore_case_for_identifiers = false
% Java NIO API is available.
% io_safety_level = 10
% Using stardard IO API for heap buffered file access.
% [Buffer Manager] Using IO API: Java IO
% [Buffer Manager] Page Size: 8192
% [Buffer Manager] Max pages: 256
% Using regex bridge: gnu.regexp
% No 'function_factories' config property found.
% statement_cache = true
% Max worker threads set to: 4
% Starting Database Server
> com.mckoi.database.jdbcserver.JDBCDatabaseInterface ( lvl: 20 )
  Couldn't change to 'BedrockU.conf' schema.
**** Debug log started: Tue Nov 11 15:05:11 CST 2014 ****
% Storage System: v1 file storage mode.
% Internal Data Cache size:          4194304
% Internal Data Cache max cell size: 8192
% lookup_comparison_list = false
% read_only = false
% transaction_error_on_dirty_select = true
% ignore_case_for_identifiers = false
% Java NIO API is available.
% io_safety_level = 10
% Using stardard IO API for heap buffered file access.
% [Buffer Manager] Using IO API: Java IO
% [Buffer Manager] Page Size: 8192
% [Buffer Manager] Max pages: 256
% Using regex bridge: gnu.regexp
% No 'function_factories' config property found.
% statement_cache = true
% Max worker threads set to: 4
% Starting Database Server
> com.mckoi.database.jdbcserver.JDBCDatabaseInterface ( lvl: 20 )
  Couldn't change to 'BedrockU.conf' schema.
**** Debug log started: Tue Nov 11 15:13:36 CST 2014 ****
% Storage System: v1 file storage mode.
% Internal Data Cache size:          4194304
% Internal Data Cache max cell size: 8192
% lookup_comparison_list = false
% read_only = false
% transaction_error_on_dirty_select = true
% ignore_case_for_identifiers = false
% Java NIO API is available.
% io_safety_level = 10
% Using stardard IO API for heap buffered file access.
% [Buffer Manager] Using IO API: Java IO
% [Buffer Manager] Page Size: 8192
% [Buffer Manager] Max pages: 256
% Using regex bridge: gnu.regexp
% No 'function_factories' config property found.
% statement_cache = true
% Max worker threads set to: 4
% Starting Database Server
> com.mckoi.database.jdbcserver.JDBCDatabaseInterface ( lvl: 20 )
  Couldn't change to 'BedrockU.conf' schema.
> com.mckoi.database.jdbcserver.JDBCDatabaseInterface ( lvl: 20 )
  Exception thrown during query processing on: [ Query:
[ SELECT Course.id, Course.name FROM Course ]

]
[ TIME: Tue Nov 11 15:13:39 CST 2014 ]
% com.mckoi.database.StatementException: Reference 'Course.id' not found.
	at com.mckoi.database.interpret.TableExpressionFromSet.qualifyVariable(TableExpressionFromSet.java:470)
	at com.mckoi.database.interpret.TableExpressionFromSet$1.prepare(TableExpressionFromSet.java:487)
	at com.mckoi.database.Expression.prepare(Expression.java:368)
	at com.mckoi.database.interpret.Planner$QuerySelectColumnSet.prepareSelectColumn(Planner.java:985)
	at com.mckoi.database.interpret.Planner$QuerySelectColumnSet.prepare(Planner.java:1044)
	at com.mckoi.database.interpret.Planner.formQueryPlan(Planner.java:303)
	at com.mckoi.database.interpret.Select.prepare(Select.java:123)
	at com.mckoi.database.interpret.SQLQueryExecutor.execute(SQLQueryExecutor.java:144)
	at com.mckoi.database.jdbcserver.AbstractJDBCDatabaseInterface.execQuery(AbstractJDBCDatabaseInterface.java:461)
	at com.mckoi.database.jdbcserver.JDBCDatabaseInterface.execQuery(JDBCDatabaseInterface.java:251)
	at com.mckoi.database.jdbcserver.JDBCProcessor.queryCommand(JDBCProcessor.java:352)
	at com.mckoi.database.jdbcserver.JDBCProcessor.processQuery(JDBCProcessor.java:293)
	at com.mckoi.database.jdbcserver.JDBCProcessor.processJDBCCommand(JDBCProcessor.java:196)
	at com.mckoi.database.jdbcserver.StreamJDBCServerConnection.processRequest(StreamJDBCServerConnection.java:137)
	at com.mckoi.database.jdbcserver.MultiThreadedConnectionPoolServer$1.run(MultiThreadedConnectionPoolServer.java:171)
	at com.mckoi.database.WorkerThread.run(WorkerThread.java:123)
> com.mckoi.database.jdbcserver.JDBCDatabaseInterface ( lvl: 20 )
  Couldn't change to 'BedrockU.conf' schema.
> com.mckoi.database.jdbcserver.JDBCDatabaseInterface ( lvl: 20 )
  Couldn't change to 'BedrockU.conf' schema.
> com.mckoi.database.jdbcserver.JDBCDatabaseInterface ( lvl: 20 )
  Couldn't change to 'BedrockU.conf' schema.
[ TIME: Tue Nov 11 15:21:53 CST 2014 ]
% com.mckoi.database.sql.ParseException: Encountered "=" at line 1, column 71.
Was expecting one of:
    <EOF> 
    "left" ...
    "join" ...
    "where" ...
    "right" ...
    "inner" ...
    "union" ...
    "except" ...
    "group by" ...
    "order by" ...
    "intersect" ...
    ";" ...
    "," ...
    
	at com.mckoi.database.sql.SQL.generateParseException(SQL.java:6070)
	at com.mckoi.database.sql.SQL.jj_consume_token(SQL.java:5939)
	at com.mckoi.database.sql.SQL.Statement(SQL.java:224)
	at com.mckoi.database.interpret.SQLQueryExecutor.execute(SQLQueryExecutor.java:94)
	at com.mckoi.database.jdbcserver.AbstractJDBCDatabaseInterface.execQuery(AbstractJDBCDatabaseInterface.java:461)
	at com.mckoi.database.jdbcserver.JDBCDatabaseInterface.execQuery(JDBCDatabaseInterface.java:251)
	at com.mckoi.database.jdbcserver.JDBCProcessor.queryCommand(JDBCProcessor.java:352)
	at com.mckoi.database.jdbcserver.JDBCProcessor.processQuery(JDBCProcessor.java:293)
	at com.mckoi.database.jdbcserver.JDBCProcessor.processJDBCCommand(JDBCProcessor.java:196)
	at com.mckoi.database.jdbcserver.StreamJDBCServerConnection.processRequest(StreamJDBCServerConnection.java:137)
	at com.mckoi.database.jdbcserver.MultiThreadedConnectionPoolServer$1.run(MultiThreadedConnectionPoolServer.java:171)
	at com.mckoi.database.WorkerThread.run(WorkerThread.java:123)
> com.mckoi.database.jdbcserver.JDBCDatabaseInterface ( lvl: 20 )
  Couldn't change to 'BedrockU.conf' schema.
[ TIME: Tue Nov 11 15:23:01 CST 2014 ]
% com.mckoi.database.sql.ParseException: Encountered "=" at line 1, column 71.
Was expecting one of:
    <EOF> 
    "left" ...
    "join" ...
    "where" ...
    "right" ...
    "inner" ...
    "union" ...
    "except" ...
    "group by" ...
    "order by" ...
    "intersect" ...
    ";" ...
    "," ...
    
	at com.mckoi.database.sql.SQL.generateParseException(SQL.java:6070)
	at com.mckoi.database.sql.SQL.jj_consume_token(SQL.java:5939)
	at com.mckoi.database.sql.SQL.Statement(SQL.java:224)
	at com.mckoi.database.interpret.SQLQueryExecutor.execute(SQLQueryExecutor.java:94)
	at com.mckoi.database.jdbcserver.AbstractJDBCDatabaseInterface.execQuery(AbstractJDBCDatabaseInterface.java:461)
	at com.mckoi.database.jdbcserver.JDBCDatabaseInterface.execQuery(JDBCDatabaseInterface.java:251)
	at com.mckoi.database.jdbcserver.JDBCProcessor.queryCommand(JDBCProcessor.java:352)
	at com.mckoi.database.jdbcserver.JDBCProcessor.processQuery(JDBCProcessor.java:293)
	at com.mckoi.database.jdbcserver.JDBCProcessor.processJDBCCommand(JDBCProcessor.java:196)
	at com.mckoi.database.jdbcserver.StreamJDBCServerConnection.processRequest(StreamJDBCServerConnection.java:137)
	at com.mckoi.database.jdbcserver.MultiThreadedConnectionPoolServer$1.run(MultiThreadedConnectionPoolServer.java:171)
	at com.mckoi.database.WorkerThread.run(WorkerThread.java:123)
> com.mckoi.database.jdbcserver.JDBCDatabaseInterface ( lvl: 20 )
  Couldn't change to 'BedrockU.conf' schema.
[ TIME: Tue Nov 11 15:24:58 CST 2014 ]
% com.mckoi.database.sql.ParseException: Encountered "=" at line 1, column 71.
Was expecting one of:
    <EOF> 
    "left" ...
    "join" ...
    "where" ...
    "right" ...
    "inner" ...
    "union" ...
    "except" ...
    "group by" ...
    "order by" ...
    "intersect" ...
    ";" ...
    "," ...
    
	at com.mckoi.database.sql.SQL.generateParseException(SQL.java:6070)
	at com.mckoi.database.sql.SQL.jj_consume_token(SQL.java:5939)
	at com.mckoi.database.sql.SQL.Statement(SQL.java:224)
	at com.mckoi.database.interpret.SQLQueryExecutor.execute(SQLQueryExecutor.java:94)
	at com.mckoi.database.jdbcserver.AbstractJDBCDatabaseInterface.execQuery(AbstractJDBCDatabaseInterface.java:461)
	at com.mckoi.database.jdbcserver.JDBCDatabaseInterface.execQuery(JDBCDatabaseInterface.java:251)
	at com.mckoi.database.jdbcserver.JDBCProcessor.queryCommand(JDBCProcessor.java:352)
	at com.mckoi.database.jdbcserver.JDBCProcessor.processQuery(JDBCProcessor.java:293)
	at com.mckoi.database.jdbcserver.JDBCProcessor.processJDBCCommand(JDBCProcessor.java:196)
	at com.mckoi.database.jdbcserver.StreamJDBCServerConnection.processRequest(StreamJDBCServerConnection.java:137)
	at com.mckoi.database.jdbcserver.MultiThreadedConnectionPoolServer$1.run(MultiThreadedConnectionPoolServer.java:171)
	at com.mckoi.database.WorkerThread.run(WorkerThread.java:123)
> com.mckoi.database.jdbcserver.JDBCDatabaseInterface ( lvl: 20 )
  Couldn't change to 'BedrockU.conf' schema.
[ TIME: Tue Nov 11 15:26:04 CST 2014 ]
% com.mckoi.database.sql.ParseException: Encountered "=" at line 1, column 71.
Was expecting one of:
    <EOF> 
    "left" ...
    "join" ...
    "where" ...
    "right" ...
    "inner" ...
    "union" ...
    "except" ...
    "group by" ...
    "order by" ...
    "intersect" ...
    ";" ...
    "," ...
    
	at com.mckoi.database.sql.SQL.generateParseException(SQL.java:6070)
	at com.mckoi.database.sql.SQL.jj_consume_token(SQL.java:5939)
	at com.mckoi.database.sql.SQL.Statement(SQL.java:224)
	at com.mckoi.database.interpret.SQLQueryExecutor.execute(SQLQueryExecutor.java:94)
	at com.mckoi.database.jdbcserver.AbstractJDBCDatabaseInterface.execQuery(AbstractJDBCDatabaseInterface.java:461)
	at com.mckoi.database.jdbcserver.JDBCDatabaseInterface.execQuery(JDBCDatabaseInterface.java:251)
	at com.mckoi.database.jdbcserver.JDBCProcessor.queryCommand(JDBCProcessor.java:352)
	at com.mckoi.database.jdbcserver.JDBCProcessor.processQuery(JDBCProcessor.java:293)
	at com.mckoi.database.jdbcserver.JDBCProcessor.processJDBCCommand(JDBCProcessor.java:196)
	at com.mckoi.database.jdbcserver.StreamJDBCServerConnection.processRequest(StreamJDBCServerConnection.java:137)
	at com.mckoi.database.jdbcserver.MultiThreadedConnectionPoolServer$1.run(MultiThreadedConnectionPoolServer.java:171)
	at com.mckoi.database.WorkerThread.run(WorkerThread.java:123)
> com.mckoi.database.jdbcserver.JDBCDatabaseInterface ( lvl: 20 )
  Couldn't change to 'BedrockU.conf' schema.
> com.mckoi.database.jdbcserver.JDBCDatabaseInterface ( lvl: 20 )
  Couldn't change to 'BedrockU.conf' schema.
[ TIME: Tue Nov 11 15:28:08 CST 2014 ]
% com.mckoi.database.sql.ParseException: Encountered "=" at line 1, column 71.
Was expecting one of:
    <EOF> 
    "left" ...
    "join" ...
    "where" ...
    "right" ...
    "inner" ...
    "union" ...
    "except" ...
    "group by" ...
    "order by" ...
    "intersect" ...
    ";" ...
    "," ...
    
	at com.mckoi.database.sql.SQL.generateParseException(SQL.java:6070)
	at com.mckoi.database.sql.SQL.jj_consume_token(SQL.java:5939)
	at com.mckoi.database.sql.SQL.Statement(SQL.java:224)
	at com.mckoi.database.interpret.SQLQueryExecutor.execute(SQLQueryExecutor.java:94)
	at com.mckoi.database.jdbcserver.AbstractJDBCDatabaseInterface.execQuery(AbstractJDBCDatabaseInterface.java:461)
	at com.mckoi.database.jdbcserver.JDBCDatabaseInterface.execQuery(JDBCDatabaseInterface.java:251)
	at com.mckoi.database.jdbcserver.JDBCProcessor.queryCommand(JDBCProcessor.java:352)
	at com.mckoi.database.jdbcserver.JDBCProcessor.processQuery(JDBCProcessor.java:293)
	at com.mckoi.database.jdbcserver.JDBCProcessor.processJDBCCommand(JDBCProcessor.java:196)
	at com.mckoi.database.jdbcserver.StreamJDBCServerConnection.processRequest(StreamJDBCServerConnection.java:137)
	at com.mckoi.database.jdbcserver.MultiThreadedConnectionPoolServer$1.run(MultiThreadedConnectionPoolServer.java:171)
	at com.mckoi.database.WorkerThread.run(WorkerThread.java:123)
> com.mckoi.database.jdbcserver.JDBCDatabaseInterface ( lvl: 20 )
  Couldn't change to 'BedrockU.conf' schema.
[ TIME: Tue Nov 11 15:31:00 CST 2014 ]
% com.mckoi.database.sql.ParseException: Encountered "=" at line 1, column 70.
Was expecting one of:
    <EOF> 
    "left" ...
    "join" ...
    "where" ...
    "right" ...
    "inner" ...
    "union" ...
    "except" ...
    "group by" ...
    "order by" ...
    "intersect" ...
    ";" ...
    "," ...
    
	at com.mckoi.database.sql.SQL.generateParseException(SQL.java:6070)
	at com.mckoi.database.sql.SQL.jj_consume_token(SQL.java:5939)
	at com.mckoi.database.sql.SQL.Statement(SQL.java:224)
	at com.mckoi.database.interpret.SQLQueryExecutor.execute(SQLQueryExecutor.java:94)
	at com.mckoi.database.jdbcserver.AbstractJDBCDatabaseInterface.execQuery(AbstractJDBCDatabaseInterface.java:461)
	at com.mckoi.database.jdbcserver.JDBCDatabaseInterface.execQuery(JDBCDatabaseInterface.java:251)
	at com.mckoi.database.jdbcserver.JDBCProcessor.queryCommand(JDBCProcessor.java:352)
	at com.mckoi.database.jdbcserver.JDBCProcessor.processQuery(JDBCProcessor.java:293)
	at com.mckoi.database.jdbcserver.JDBCProcessor.processJDBCCommand(JDBCProcessor.java:196)
	at com.mckoi.database.jdbcserver.StreamJDBCServerConnection.processRequest(StreamJDBCServerConnection.java:137)
	at com.mckoi.database.jdbcserver.MultiThreadedConnectionPoolServer$1.run(MultiThreadedConnectionPoolServer.java:171)
	at com.mckoi.database.WorkerThread.run(WorkerThread.java:123)
> com.mckoi.database.jdbcserver.JDBCDatabaseInterface ( lvl: 20 )
  Couldn't change to 'BedrockU.conf' schema.
[ TIME: Tue Nov 11 15:32:04 CST 2014 ]
% com.mckoi.database.sql.ParseException: Encountered "=" at line 1, column 72.
Was expecting one of:
    <EOF> 
    "left" ...
    "join" ...
    "where" ...
    "right" ...
    "inner" ...
    "union" ...
    "except" ...
    "group by" ...
    "order by" ...
    "intersect" ...
    ";" ...
    "," ...
    
	at com.mckoi.database.sql.SQL.generateParseException(SQL.java:6070)
	at com.mckoi.database.sql.SQL.jj_consume_token(SQL.java:5939)
	at com.mckoi.database.sql.SQL.Statement(SQL.java:224)
	at com.mckoi.database.interpret.SQLQueryExecutor.execute(SQLQueryExecutor.java:94)
	at com.mckoi.database.jdbcserver.AbstractJDBCDatabaseInterface.execQuery(AbstractJDBCDatabaseInterface.java:461)
	at com.mckoi.database.jdbcserver.JDBCDatabaseInterface.execQuery(JDBCDatabaseInterface.java:251)
	at com.mckoi.database.jdbcserver.JDBCProcessor.queryCommand(JDBCProcessor.java:352)
	at com.mckoi.database.jdbcserver.JDBCProcessor.processQuery(JDBCProcessor.java:293)
	at com.mckoi.database.jdbcserver.JDBCProcessor.processJDBCCommand(JDBCProcessor.java:196)
	at com.mckoi.database.jdbcserver.StreamJDBCServerConnection.processRequest(StreamJDBCServerConnection.java:137)
	at com.mckoi.database.jdbcserver.MultiThreadedConnectionPoolServer$1.run(MultiThreadedConnectionPoolServer.java:171)
	at com.mckoi.database.WorkerThread.run(WorkerThread.java:123)
> com.mckoi.database.jdbcserver.JDBCDatabaseInterface ( lvl: 20 )
  Couldn't change to 'BedrockU.conf' schema.
> com.mckoi.database.jdbcserver.JDBCDatabaseInterface ( lvl: 20 )
  Exception thrown during query processing on: [ Query:
[ SELECT Student.name, majorDesc FROM Student,MajorWHERE Student.majorId ]

]
[ TIME: Tue Nov 11 15:33:29 CST 2014 ]
% com.mckoi.database.StatementException: Table 'APP.MajorWHERE' was not found.
	at com.mckoi.database.interpret.Planner.generateFromSet(Planner.java:170)
	at com.mckoi.database.interpret.Select.prepare(Select.java:119)
	at com.mckoi.database.interpret.SQLQueryExecutor.execute(SQLQueryExecutor.java:144)
	at com.mckoi.database.jdbcserver.AbstractJDBCDatabaseInterface.execQuery(AbstractJDBCDatabaseInterface.java:461)
	at com.mckoi.database.jdbcserver.JDBCDatabaseInterface.execQuery(JDBCDatabaseInterface.java:251)
	at com.mckoi.database.jdbcserver.JDBCProcessor.queryCommand(JDBCProcessor.java:352)
	at com.mckoi.database.jdbcserver.JDBCProcessor.processQuery(JDBCProcessor.java:293)
	at com.mckoi.database.jdbcserver.JDBCProcessor.processJDBCCommand(JDBCProcessor.java:196)
	at com.mckoi.database.jdbcserver.StreamJDBCServerConnection.processRequest(StreamJDBCServerConnection.java:137)
	at com.mckoi.database.jdbcserver.MultiThreadedConnectionPoolServer$1.run(MultiThreadedConnectionPoolServer.java:171)
	at com.mckoi.database.WorkerThread.run(WorkerThread.java:123)
> com.mckoi.database.jdbcserver.JDBCDatabaseInterface ( lvl: 20 )
  Couldn't change to 'BedrockU.conf' schema.
> com.mckoi.database.jdbcserver.JDBCDatabaseInterface ( lvl: 20 )
  Exception thrown during query processing on: [ Query:
[ SELECT Student.name, majorDesc FROM Student,MajorWHERE Major.majorid ]

]
[ TIME: Tue Nov 11 15:34:16 CST 2014 ]
% com.mckoi.database.StatementException: Table 'APP.MajorWHERE' was not found.
	at com.mckoi.database.interpret.Planner.generateFromSet(Planner.java:170)
	at com.mckoi.database.interpret.Select.prepare(Select.java:119)
	at com.mckoi.database.interpret.SQLQueryExecutor.execute(SQLQueryExecutor.java:144)
	at com.mckoi.database.jdbcserver.AbstractJDBCDatabaseInterface.execQuery(AbstractJDBCDatabaseInterface.java:461)
	at com.mckoi.database.jdbcserver.JDBCDatabaseInterface.execQuery(JDBCDatabaseInterface.java:251)
	at com.mckoi.database.jdbcserver.JDBCProcessor.queryCommand(JDBCProcessor.java:352)
	at com.mckoi.database.jdbcserver.JDBCProcessor.processQuery(JDBCProcessor.java:293)
	at com.mckoi.database.jdbcserver.JDBCProcessor.processJDBCCommand(JDBCProcessor.java:196)
	at com.mckoi.database.jdbcserver.StreamJDBCServerConnection.processRequest(StreamJDBCServerConnection.java:137)
	at com.mckoi.database.jdbcserver.MultiThreadedConnectionPoolServer$1.run(MultiThreadedConnectionPoolServer.java:171)
	at com.mckoi.database.WorkerThread.run(WorkerThread.java:123)
> com.mckoi.database.jdbcserver.JDBCDatabaseInterface ( lvl: 20 )
  Couldn't change to 'BedrockU.conf' schema.
> com.mckoi.database.jdbcserver.JDBCDatabaseInterface ( lvl: 20 )
  Exception thrown during query processing on: [ Query:
[ SELECT Student.name, majorDesc FROM Student,MajorWHERE Major.majorId ]

]
[ TIME: Tue Nov 11 15:34:46 CST 2014 ]
% com.mckoi.database.StatementException: Table 'APP.MajorWHERE' was not found.
	at com.mckoi.database.interpret.Planner.generateFromSet(Planner.java:170)
	at com.mckoi.database.interpret.Select.prepare(Select.java:119)
	at com.mckoi.database.interpret.SQLQueryExecutor.execute(SQLQueryExecutor.java:144)
	at com.mckoi.database.jdbcserver.AbstractJDBCDatabaseInterface.execQuery(AbstractJDBCDatabaseInterface.java:461)
	at com.mckoi.database.jdbcserver.JDBCDatabaseInterface.execQuery(JDBCDatabaseInterface.java:251)
	at com.mckoi.database.jdbcserver.JDBCProcessor.queryCommand(JDBCProcessor.java:352)
	at com.mckoi.database.jdbcserver.JDBCProcessor.processQuery(JDBCProcessor.java:293)
	at com.mckoi.database.jdbcserver.JDBCProcessor.processJDBCCommand(JDBCProcessor.java:196)
	at com.mckoi.database.jdbcserver.StreamJDBCServerConnection.processRequest(StreamJDBCServerConnection.java:137)
	at com.mckoi.database.jdbcserver.MultiThreadedConnectionPoolServer$1.run(MultiThreadedConnectionPoolServer.java:171)
	at com.mckoi.database.WorkerThread.run(WorkerThread.java:123)
> com.mckoi.database.jdbcserver.JDBCDatabaseInterface ( lvl: 20 )
  Couldn't change to 'BedrockU.conf' schema.
[ TIME: Tue Nov 11 15:35:16 CST 2014 ]
% com.mckoi.database.sql.ParseException: Encountered "=" at line 1, column 70.
Was expecting one of:
    <EOF> 
    "left" ...
    "join" ...
    "where" ...
    "right" ...
    "inner" ...
    "union" ...
    "except" ...
    "group by" ...
    "order by" ...
    "intersect" ...
    ";" ...
    "," ...
    
	at com.mckoi.database.sql.SQL.generateParseException(SQL.java:6070)
	at com.mckoi.database.sql.SQL.jj_consume_token(SQL.java:5939)
	at com.mckoi.database.sql.SQL.Statement(SQL.java:224)
	at com.mckoi.database.interpret.SQLQueryExecutor.execute(SQLQueryExecutor.java:94)
	at com.mckoi.database.jdbcserver.AbstractJDBCDatabaseInterface.execQuery(AbstractJDBCDatabaseInterface.java:461)
	at com.mckoi.database.jdbcserver.JDBCDatabaseInterface.execQuery(JDBCDatabaseInterface.java:251)
	at com.mckoi.database.jdbcserver.JDBCProcessor.queryCommand(JDBCProcessor.java:352)
	at com.mckoi.database.jdbcserver.JDBCProcessor.processQuery(JDBCProcessor.java:293)
	at com.mckoi.database.jdbcserver.JDBCProcessor.processJDBCCommand(JDBCProcessor.java:196)
	at com.mckoi.database.jdbcserver.StreamJDBCServerConnection.processRequest(StreamJDBCServerConnection.java:137)
	at com.mckoi.database.jdbcserver.MultiThreadedConnectionPoolServer$1.run(MultiThreadedConnectionPoolServer.java:171)
	at com.mckoi.database.WorkerThread.run(WorkerThread.java:123)
> com.mckoi.database.jdbcserver.JDBCDatabaseInterface ( lvl: 20 )
  Couldn't change to 'BedrockU.conf' schema.
[ TIME: Tue Nov 11 15:35:46 CST 2014 ]
% com.mckoi.database.sql.ParseException: Encountered "=" at line 1, column 69.
Was expecting one of:
    <EOF> 
    "left" ...
    "join" ...
    "where" ...
    "right" ...
    "inner" ...
    "union" ...
    "except" ...
    "group by" ...
    "order by" ...
    "intersect" ...
    ";" ...
    "," ...
    
	at com.mckoi.database.sql.SQL.generateParseException(SQL.java:6070)
	at com.mckoi.database.sql.SQL.jj_consume_token(SQL.java:5939)
	at com.mckoi.database.sql.SQL.Statement(SQL.java:224)
	at com.mckoi.database.interpret.SQLQueryExecutor.execute(SQLQueryExecutor.java:94)
	at com.mckoi.database.jdbcserver.AbstractJDBCDatabaseInterface.execQuery(AbstractJDBCDatabaseInterface.java:461)
	at com.mckoi.database.jdbcserver.JDBCDatabaseInterface.execQuery(JDBCDatabaseInterface.java:251)
	at com.mckoi.database.jdbcserver.JDBCProcessor.queryCommand(JDBCProcessor.java:352)
	at com.mckoi.database.jdbcserver.JDBCProcessor.processQuery(JDBCProcessor.java:293)
	at com.mckoi.database.jdbcserver.JDBCProcessor.processJDBCCommand(JDBCProcessor.java:196)
	at com.mckoi.database.jdbcserver.StreamJDBCServerConnection.processRequest(StreamJDBCServerConnection.java:137)
	at com.mckoi.database.jdbcserver.MultiThreadedConnectionPoolServer$1.run(MultiThreadedConnectionPoolServer.java:171)
	at com.mckoi.database.WorkerThread.run(WorkerThread.java:123)
> com.mckoi.database.jdbcserver.JDBCDatabaseInterface ( lvl: 20 )
  Couldn't change to 'BedrockU.conf' schema.
[ TIME: Tue Nov 11 15:37:16 CST 2014 ]
% com.mckoi.database.sql.ParseException: Encountered "=" at line 1, column 66.
Was expecting one of:
    <EOF> 
    "left" ...
    "join" ...
    "where" ...
    "right" ...
    "inner" ...
    "union" ...
    "except" ...
    "group by" ...
    "order by" ...
    "intersect" ...
    ";" ...
    "," ...
    
	at com.mckoi.database.sql.SQL.generateParseException(SQL.java:6070)
	at com.mckoi.database.sql.SQL.jj_consume_token(SQL.java:5939)
	at com.mckoi.database.sql.SQL.Statement(SQL.java:224)
	at com.mckoi.database.interpret.SQLQueryExecutor.execute(SQLQueryExecutor.java:94)
	at com.mckoi.database.jdbcserver.AbstractJDBCDatabaseInterface.execQuery(AbstractJDBCDatabaseInterface.java:461)
	at com.mckoi.database.jdbcserver.JDBCDatabaseInterface.execQuery(JDBCDatabaseInterface.java:251)
	at com.mckoi.database.jdbcserver.JDBCProcessor.queryCommand(JDBCProcessor.java:352)
	at com.mckoi.database.jdbcserver.JDBCProcessor.processQuery(JDBCProcessor.java:293)
	at com.mckoi.database.jdbcserver.JDBCProcessor.processJDBCCommand(JDBCProcessor.java:196)
	at com.mckoi.database.jdbcserver.StreamJDBCServerConnection.processRequest(StreamJDBCServerConnection.java:137)
	at com.mckoi.database.jdbcserver.MultiThreadedConnectionPoolServer$1.run(MultiThreadedConnectionPoolServer.java:171)
	at com.mckoi.database.WorkerThread.run(WorkerThread.java:123)
> com.mckoi.database.jdbcserver.JDBCDatabaseInterface ( lvl: 20 )
  Couldn't change to 'BedrockU.conf' schema.
[ TIME: Tue Nov 11 15:37:18 CST 2014 ]
% com.mckoi.database.sql.ParseException: Encountered "=" at line 1, column 66.
Was expecting one of:
    <EOF> 
    "left" ...
    "join" ...
    "where" ...
    "right" ...
    "inner" ...
    "union" ...
    "except" ...
    "group by" ...
    "order by" ...
    "intersect" ...
    ";" ...
    "," ...
    
	at com.mckoi.database.sql.SQL.generateParseException(SQL.java:6070)
	at com.mckoi.database.sql.SQL.jj_consume_token(SQL.java:5939)
	at com.mckoi.database.sql.SQL.Statement(SQL.java:224)
	at com.mckoi.database.interpret.SQLQueryExecutor.execute(SQLQueryExecutor.java:94)
	at com.mckoi.database.jdbcserver.AbstractJDBCDatabaseInterface.execQuery(AbstractJDBCDatabaseInterface.java:461)
	at com.mckoi.database.jdbcserver.JDBCDatabaseInterface.execQuery(JDBCDatabaseInterface.java:251)
	at com.mckoi.database.jdbcserver.JDBCProcessor.queryCommand(JDBCProcessor.java:352)
	at com.mckoi.database.jdbcserver.JDBCProcessor.processQuery(JDBCProcessor.java:293)
	at com.mckoi.database.jdbcserver.JDBCProcessor.processJDBCCommand(JDBCProcessor.java:196)
	at com.mckoi.database.jdbcserver.StreamJDBCServerConnection.processRequest(StreamJDBCServerConnection.java:137)
	at com.mckoi.database.jdbcserver.MultiThreadedConnectionPoolServer$1.run(MultiThreadedConnectionPoolServer.java:171)
	at com.mckoi.database.WorkerThread.run(WorkerThread.java:123)
> com.mckoi.database.jdbcserver.JDBCDatabaseInterface ( lvl: 20 )
  Couldn't change to 'BedrockU.conf' schema.
[ TIME: Tue Nov 11 15:37:55 CST 2014 ]
% com.mckoi.database.sql.ParseException: Encountered "=" at line 1, column 66.
Was expecting one of:
    <EOF> 
    "left" ...
    "join" ...
    "where" ...
    "right" ...
    "inner" ...
    "union" ...
    "except" ...
    "group by" ...
    "order by" ...
    "intersect" ...
    ";" ...
    "," ...
    
	at com.mckoi.database.sql.SQL.generateParseException(SQL.java:6070)
	at com.mckoi.database.sql.SQL.jj_consume_token(SQL.java:5939)
	at com.mckoi.database.sql.SQL.Statement(SQL.java:224)
	at com.mckoi.database.interpret.SQLQueryExecutor.execute(SQLQueryExecutor.java:94)
	at com.mckoi.database.jdbcserver.AbstractJDBCDatabaseInterface.execQuery(AbstractJDBCDatabaseInterface.java:461)
	at com.mckoi.database.jdbcserver.JDBCDatabaseInterface.execQuery(JDBCDatabaseInterface.java:251)
	at com.mckoi.database.jdbcserver.JDBCProcessor.queryCommand(JDBCProcessor.java:352)
	at com.mckoi.database.jdbcserver.JDBCProcessor.processQuery(JDBCProcessor.java:293)
	at com.mckoi.database.jdbcserver.JDBCProcessor.processJDBCCommand(JDBCProcessor.java:196)
	at com.mckoi.database.jdbcserver.StreamJDBCServerConnection.processRequest(StreamJDBCServerConnection.java:137)
	at com.mckoi.database.jdbcserver.MultiThreadedConnectionPoolServer$1.run(MultiThreadedConnectionPoolServer.java:171)
	at com.mckoi.database.WorkerThread.run(WorkerThread.java:123)
> com.mckoi.database.jdbcserver.JDBCDatabaseInterface ( lvl: 20 )
  Couldn't change to 'BedrockU.conf' schema.
> com.mckoi.database.jdbcserver.JDBCDatabaseInterface ( lvl: 20 )
  Couldn't change to 'BedrockU.conf' schema.
> com.mckoi.database.jdbcserver.JDBCDatabaseInterface ( lvl: 20 )
  Exception thrown during query processing on: [ Query:
[ SELECT Student.name, Major.majorDescFROM Student, Major WHERE Student.majorId=Major.majorId ]

]
[ TIME: Tue Nov 11 15:39:50 CST 2014 ]
% com.mckoi.database.StatementException: Reference 'Student.name' not found.
	at com.mckoi.database.interpret.TableExpressionFromSet.qualifyVariable(TableExpressionFromSet.java:470)
	at com.mckoi.database.interpret.TableExpressionFromSet$1.prepare(TableExpressionFromSet.java:487)
	at com.mckoi.database.Expression.prepare(Expression.java:368)
	at com.mckoi.database.interpret.Planner$QuerySelectColumnSet.prepareSelectColumn(Planner.java:985)
	at com.mckoi.database.interpret.Planner$QuerySelectColumnSet.prepare(Planner.java:1044)
	at com.mckoi.database.interpret.Planner.formQueryPlan(Planner.java:303)
	at com.mckoi.database.interpret.Select.prepare(Select.java:123)
	at com.mckoi.database.interpret.SQLQueryExecutor.execute(SQLQueryExecutor.java:144)
	at com.mckoi.database.jdbcserver.AbstractJDBCDatabaseInterface.execQuery(AbstractJDBCDatabaseInterface.java:461)
	at com.mckoi.database.jdbcserver.JDBCDatabaseInterface.execQuery(JDBCDatabaseInterface.java:251)
	at com.mckoi.database.jdbcserver.JDBCProcessor.queryCommand(JDBCProcessor.java:352)
	at com.mckoi.database.jdbcserver.JDBCProcessor.processQuery(JDBCProcessor.java:293)
	at com.mckoi.database.jdbcserver.JDBCProcessor.processJDBCCommand(JDBCProcessor.java:196)
	at com.mckoi.database.jdbcserver.StreamJDBCServerConnection.processRequest(StreamJDBCServerConnection.java:137)
	at com.mckoi.database.jdbcserver.MultiThreadedConnectionPoolServer$1.run(MultiThreadedConnectionPoolServer.java:171)
	at com.mckoi.database.WorkerThread.run(WorkerThread.java:123)
**** Debug log started: Wed Nov 12 09:34:20 CST 2014 ****
% Storage System: v1 file storage mode.
% Internal Data Cache size:          4194304
% Internal Data Cache max cell size: 8192
% lookup_comparison_list = false
% read_only = false
% transaction_error_on_dirty_select = true
% ignore_case_for_identifiers = false
% Java NIO API is available.
% io_safety_level = 10
% Using stardard IO API for heap buffered file access.
% [Buffer Manager] Using IO API: Java IO
% [Buffer Manager] Page Size: 8192
% [Buffer Manager] Max pages: 256
% Using regex bridge: gnu.regexp
% No 'function_factories' config property found.
% statement_cache = true
% Max worker threads set to: 4
% Starting Database Server
> com.mckoi.database.jdbcserver.JDBCDatabaseInterface ( lvl: 20 )
  Couldn't change to 'BedrockU.conf' schema.
> com.mckoi.database.jdbcserver.JDBCDatabaseInterface ( lvl: 20 )
  Exception thrown during query processing on: [ Query:
[ INSERT INTO Enrolled (id, courseId) VALUES (9, 6) ]

]
[ TIME: Wed Nov 12 09:34:25 CST 2014 ]
% com.mckoi.database.DatabaseConstraintViolationException: Immediate primary Key constraint violation (_ANONYMOUS_CONSTRAINT_8) Columns = ( idcourseId ) Table = ( APP.Enrolled )
	at com.mckoi.database.TableDataConglomerate.checkAddConstraintViolations(TableDataConglomerate.java:1963)
	at com.mckoi.database.MasterTableDataSource$MMutableTableDataSource.constraintIntegrityCheck(MasterTableDataSource.java:1924)
	at com.mckoi.database.DataTable.add(DataTable.java:180)
	at com.mckoi.database.interpret.Insert.evaluate(Insert.java:262)
	at com.mckoi.database.interpret.SQLQueryExecutor.execute(SQLQueryExecutor.java:147)
	at com.mckoi.database.jdbcserver.AbstractJDBCDatabaseInterface.execQuery(AbstractJDBCDatabaseInterface.java:461)
	at com.mckoi.database.jdbcserver.JDBCDatabaseInterface.execQuery(JDBCDatabaseInterface.java:251)
	at com.mckoi.database.jdbcserver.JDBCProcessor.queryCommand(JDBCProcessor.java:352)
	at com.mckoi.database.jdbcserver.JDBCProcessor.processQuery(JDBCProcessor.java:293)
	at com.mckoi.database.jdbcserver.JDBCProcessor.processJDBCCommand(JDBCProcessor.java:196)
	at com.mckoi.database.jdbcserver.StreamJDBCServerConnection.processRequest(StreamJDBCServerConnection.java:137)
	at com.mckoi.database.jdbcserver.MultiThreadedConnectionPoolServer$1.run(MultiThreadedConnectionPoolServer.java:171)
	at com.mckoi.database.WorkerThread.run(WorkerThread.java:123)
**** Debug log started: Wed Nov 12 09:35:43 CST 2014 ****
% Storage System: v1 file storage mode.
% Internal Data Cache size:          4194304
% Internal Data Cache max cell size: 8192
% lookup_comparison_list = false
% read_only = false
% transaction_error_on_dirty_select = true
% ignore_case_for_identifiers = false
% Java NIO API is available.
% io_safety_level = 10
% Using stardard IO API for heap buffered file access.
% [Buffer Manager] Using IO API: Java IO
% [Buffer Manager] Page Size: 8192
% [Buffer Manager] Max pages: 256
% Using regex bridge: gnu.regexp
% No 'function_factories' config property found.
% statement_cache = true
% Max worker threads set to: 4
% Starting Database Server
> com.mckoi.database.jdbcserver.JDBCDatabaseInterface ( lvl: 20 )
  Couldn't change to 'BedrockU.conf' schema.
% Dropped: 021APP_Student
% Dropped: 022APP_Address
% Dropped: 023APP_Enrolled
% Dropped: 024APP_Course
% Dropped: 025APP_Major
> com.mckoi.database.jdbcserver.JDBCDatabaseInterface ( lvl: 20 )
  Couldn't change to 'BedrockU.conf' schema.
> com.mckoi.database.jdbcserver.JDBCDatabaseInterface ( lvl: 20 )
  Couldn't change to 'BedrockU.conf' schema.
% Dropped: 026APP_Student
% Dropped: 027APP_Address
% Dropped: 028APP_Enrolled
% Dropped: 029APP_Course
% Dropped: 030APP_Major
> com.mckoi.database.jdbcserver.JDBCDatabaseInterface ( lvl: 20 )
  Couldn't change to 'BedrockU.conf' schema.
> com.mckoi.database.jdbcserver.JDBCDatabaseInterface ( lvl: 20 )
  Exception thrown during query processing on: [ Query:
[ SELECT Student.name FROM Student, Major WHERE Student.majorId=MAJORIDVARIABLE ]

]
[ TIME: Wed Nov 12 11:08:13 CST 2014 ]
% com.mckoi.database.StatementException: Reference 'MAJORIDVARIABLE' not found.
	at com.mckoi.database.interpret.TableExpressionFromSet.qualifyVariable(TableExpressionFromSet.java:470)
	at com.mckoi.database.interpret.TableExpressionFromSet$1.prepare(TableExpressionFromSet.java:487)
	at com.mckoi.database.Expression.prepare(Expression.java:368)
	at com.mckoi.database.interpret.SearchExpression.prepare(SearchExpression.java:102)
	at com.mckoi.database.interpret.Planner.prepareSearchExpression(Planner.java:80)
	at com.mckoi.database.interpret.Planner.formQueryPlan(Planner.java:436)
	at com.mckoi.database.interpret.Select.prepare(Select.java:123)
	at com.mckoi.database.interpret.SQLQueryExecutor.execute(SQLQueryExecutor.java:144)
	at com.mckoi.database.jdbcserver.AbstractJDBCDatabaseInterface.execQuery(AbstractJDBCDatabaseInterface.java:461)
	at com.mckoi.database.jdbcserver.JDBCDatabaseInterface.execQuery(JDBCDatabaseInterface.java:251)
	at com.mckoi.database.jdbcserver.JDBCProcessor.queryCommand(JDBCProcessor.java:352)
	at com.mckoi.database.jdbcserver.JDBCProcessor.processQuery(JDBCProcessor.java:293)
	at com.mckoi.database.jdbcserver.JDBCProcessor.processJDBCCommand(JDBCProcessor.java:196)
	at com.mckoi.database.jdbcserver.StreamJDBCServerConnection.processRequest(StreamJDBCServerConnection.java:137)
	at com.mckoi.database.jdbcserver.MultiThreadedConnectionPoolServer$1.run(MultiThreadedConnectionPoolServer.java:171)
	at com.mckoi.database.WorkerThread.run(WorkerThread.java:123)
> com.mckoi.database.jdbcserver.JDBCDatabaseInterface ( lvl: 20 )
  Couldn't change to 'BedrockU.conf' schema.
> com.mckoi.database.jdbcserver.JDBCDatabaseInterface ( lvl: 20 )
  Exception thrown during query processing on: [ Query:
[ SELECT Student.name FROM Student, Major WHERE Student.majorId=majorId ]

]
[ TIME: Wed Nov 12 11:08:43 CST 2014 ]
% com.mckoi.database.StatementException: Ambiguous reference 'majorId'
	at com.mckoi.database.interpret.TableExpressionFromSet.resolveTableColumnReference(TableExpressionFromSet.java:336)
	at com.mckoi.database.interpret.TableExpressionFromSet.resolveReference(TableExpressionFromSet.java:378)
	at com.mckoi.database.interpret.TableExpressionFromSet.qualifyVariable(TableExpressionFromSet.java:458)
	at com.mckoi.database.interpret.TableExpressionFromSet$1.prepare(TableExpressionFromSet.java:487)
	at com.mckoi.database.Expression.prepare(Expression.java:368)
	at com.mckoi.database.interpret.SearchExpression.prepare(SearchExpression.java:102)
	at com.mckoi.database.interpret.Planner.prepareSearchExpression(Planner.java:80)
	at com.mckoi.database.interpret.Planner.formQueryPlan(Planner.java:436)
	at com.mckoi.database.interpret.Select.prepare(Select.java:123)
	at com.mckoi.database.interpret.SQLQueryExecutor.execute(SQLQueryExecutor.java:144)
	at com.mckoi.database.jdbcserver.AbstractJDBCDatabaseInterface.execQuery(AbstractJDBCDatabaseInterface.java:461)
	at com.mckoi.database.jdbcserver.JDBCDatabaseInterface.execQuery(JDBCDatabaseInterface.java:251)
	at com.mckoi.database.jdbcserver.JDBCProcessor.queryCommand(JDBCProcessor.java:352)
	at com.mckoi.database.jdbcserver.JDBCProcessor.processQuery(JDBCProcessor.java:293)
	at com.mckoi.database.jdbcserver.JDBCProcessor.processJDBCCommand(JDBCProcessor.java:196)
	at com.mckoi.database.jdbcserver.StreamJDBCServerConnection.processRequest(StreamJDBCServerConnection.java:137)
	at com.mckoi.database.jdbcserver.MultiThreadedConnectionPoolServer$1.run(MultiThreadedConnectionPoolServer.java:171)
	at com.mckoi.database.WorkerThread.run(WorkerThread.java:123)
> com.mckoi.database.jdbcserver.JDBCDatabaseInterface ( lvl: 20 )
  Couldn't change to 'BedrockU.conf' schema.
> com.mckoi.database.jdbcserver.JDBCDatabaseInterface ( lvl: 20 )
  Couldn't change to 'BedrockU.conf' schema.
> com.mckoi.database.jdbcserver.JDBCDatabaseInterface ( lvl: 20 )
  Couldn't change to 'BedrockU.conf' schema.
> com.mckoi.database.jdbcserver.JDBCDatabaseInterface ( lvl: 20 )
  Couldn't change to 'BedrockU.conf' schema.
**** Debug log started: Wed Nov 12 16:55:18 CST 2014 ****
% Storage System: v1 file storage mode.
% Internal Data Cache size:          4194304
% Internal Data Cache max cell size: 8192
% lookup_comparison_list = false
% read_only = false
% transaction_error_on_dirty_select = true
% ignore_case_for_identifiers = false
% Java NIO API is available.
% io_safety_level = 10
% Using stardard IO API for heap buffered file access.
% [Buffer Manager] Using IO API: Java IO
% [Buffer Manager] Page Size: 8192
% [Buffer Manager] Max pages: 256
% Using regex bridge: gnu.regexp
% No 'function_factories' config property found.
% statement_cache = true
% Max worker threads set to: 4
% Starting Database Server
> com.mckoi.database.jdbcserver.JDBCDatabaseInterface ( lvl: 20 )
  Couldn't change to 'BedrockU.conf' schema.
[ TIME: Wed Nov 12 17:01:21 CST 2014 ]
% com.mckoi.database.sql.ParseException: Encountered "Student.id" at line 1, column 48.
Was expecting one of:
    <EOF> 
    "as" ...
    "from" ...
    "name" ...
    "java" ...
    "where" ...
    "union" ...
    "action" ...
    "groups" ...
    "option" ...
    "except" ...
    "account" ...
    "password" ...
    "group by" ...
    "order by" ...
    "language" ...
    "intersect" ...
    "privileges" ...
    <QUOTED_VARIABLE> ...
    <IDENTIFIER> ...
    ";" ...
    "," ...
    "=" ...
    "==" ...
    ">" ...
    "<" ...
    ">=" ...
    "<=" ...
    <NOTEQ> ...
    "is" ...
    "like" ...
    "not" ...
    "and" ...
    "or" ...
    "/" ...
    "+" ...
    "-" ...
    "*" ...
    "||" ...
    "regex" ...
    <REGEX_LITERAL> ...
    "in" ...
    "between" ...
    "(" ...
    
	at com.mckoi.database.sql.SQL.generateParseException(SQL.java:6070)
	at com.mckoi.database.sql.SQL.jj_consume_token(SQL.java:5939)
	at com.mckoi.database.sql.SQL.Statement(SQL.java:224)
	at com.mckoi.database.interpret.SQLQueryExecutor.execute(SQLQueryExecutor.java:94)
	at com.mckoi.database.jdbcserver.AbstractJDBCDatabaseInterface.execQuery(AbstractJDBCDatabaseInterface.java:461)
	at com.mckoi.database.jdbcserver.JDBCDatabaseInterface.execQuery(JDBCDatabaseInterface.java:251)
	at com.mckoi.database.jdbcserver.JDBCProcessor.queryCommand(JDBCProcessor.java:352)
	at com.mckoi.database.jdbcserver.JDBCProcessor.processQuery(JDBCProcessor.java:293)
	at com.mckoi.database.jdbcserver.JDBCProcessor.processJDBCCommand(JDBCProcessor.java:196)
	at com.mckoi.database.jdbcserver.StreamJDBCServerConnection.processRequest(StreamJDBCServerConnection.java:137)
	at com.mckoi.database.jdbcserver.MultiThreadedConnectionPoolServer$1.run(MultiThreadedConnectionPoolServer.java:171)
	at com.mckoi.database.WorkerThread.run(WorkerThread.java:123)
> com.mckoi.database.jdbcserver.JDBCDatabaseInterface ( lvl: 20 )
  Couldn't change to 'BedrockU.conf' schema.
[ TIME: Wed Nov 12 17:06:36 CST 2014 ]
% com.mckoi.database.sql.ParseException: Encountered "Student.id" at line 1, column 66.
Was expecting one of:
    <EOF> 
    "as" ...
    "from" ...
    "name" ...
    "java" ...
    "where" ...
    "union" ...
    "action" ...
    "groups" ...
    "option" ...
    "except" ...
    "account" ...
    "password" ...
    "group by" ...
    "order by" ...
    "language" ...
    "intersect" ...
    "privileges" ...
    <QUOTED_VARIABLE> ...
    <IDENTIFIER> ...
    ";" ...
    "," ...
    "=" ...
    "==" ...
    ">" ...
    "<" ...
    ">=" ...
    "<=" ...
    <NOTEQ> ...
    "is" ...
    "like" ...
    "not" ...
    "and" ...
    "or" ...
    "/" ...
    "+" ...
    "-" ...
    "*" ...
    "||" ...
    "regex" ...
    <REGEX_LITERAL> ...
    "in" ...
    "between" ...
    "(" ...
    
	at com.mckoi.database.sql.SQL.generateParseException(SQL.java:6070)
	at com.mckoi.database.sql.SQL.jj_consume_token(SQL.java:5939)
	at com.mckoi.database.sql.SQL.Statement(SQL.java:224)
	at com.mckoi.database.interpret.SQLQueryExecutor.execute(SQLQueryExecutor.java:94)
	at com.mckoi.database.jdbcserver.AbstractJDBCDatabaseInterface.execQuery(AbstractJDBCDatabaseInterface.java:461)
	at com.mckoi.database.jdbcserver.JDBCDatabaseInterface.execQuery(JDBCDatabaseInterface.java:251)
	at com.mckoi.database.jdbcserver.JDBCProcessor.queryCommand(JDBCProcessor.java:352)
	at com.mckoi.database.jdbcserver.JDBCProcessor.processQuery(JDBCProcessor.java:293)
	at com.mckoi.database.jdbcserver.JDBCProcessor.processJDBCCommand(JDBCProcessor.java:196)
	at com.mckoi.database.jdbcserver.StreamJDBCServerConnection.processRequest(StreamJDBCServerConnection.java:137)
	at com.mckoi.database.jdbcserver.MultiThreadedConnectionPoolServer$1.run(MultiThreadedConnectionPoolServer.java:171)
	at com.mckoi.database.WorkerThread.run(WorkerThread.java:123)
> com.mckoi.database.jdbcserver.JDBCDatabaseInterface ( lvl: 20 )
  Couldn't change to 'BedrockU.conf' schema.
[ TIME: Wed Nov 12 17:07:57 CST 2014 ]
% com.mckoi.database.sql.ParseException: Encountered "Student.id" at line 1, column 48.
Was expecting one of:
    <EOF> 
    "as" ...
    "from" ...
    "name" ...
    "java" ...
    "where" ...
    "union" ...
    "action" ...
    "groups" ...
    "option" ...
    "except" ...
    "account" ...
    "password" ...
    "group by" ...
    "order by" ...
    "language" ...
    "intersect" ...
    "privileges" ...
    <QUOTED_VARIABLE> ...
    <IDENTIFIER> ...
    ";" ...
    "," ...
    "=" ...
    "==" ...
    ">" ...
    "<" ...
    ">=" ...
    "<=" ...
    <NOTEQ> ...
    "is" ...
    "like" ...
    "not" ...
    "and" ...
    "or" ...
    "/" ...
    "+" ...
    "-" ...
    "*" ...
    "||" ...
    "regex" ...
    <REGEX_LITERAL> ...
    "in" ...
    "between" ...
    "(" ...
    
	at com.mckoi.database.sql.SQL.generateParseException(SQL.java:6070)
	at com.mckoi.database.sql.SQL.jj_consume_token(SQL.java:5939)
	at com.mckoi.database.sql.SQL.Statement(SQL.java:224)
	at com.mckoi.database.interpret.SQLQueryExecutor.execute(SQLQueryExecutor.java:94)
	at com.mckoi.database.jdbcserver.AbstractJDBCDatabaseInterface.execQuery(AbstractJDBCDatabaseInterface.java:461)
	at com.mckoi.database.jdbcserver.JDBCDatabaseInterface.execQuery(JDBCDatabaseInterface.java:251)
	at com.mckoi.database.jdbcserver.JDBCProcessor.queryCommand(JDBCProcessor.java:352)
	at com.mckoi.database.jdbcserver.JDBCProcessor.processQuery(JDBCProcessor.java:293)
	at com.mckoi.database.jdbcserver.JDBCProcessor.processJDBCCommand(JDBCProcessor.java:196)
	at com.mckoi.database.jdbcserver.StreamJDBCServerConnection.processRequest(StreamJDBCServerConnection.java:137)
	at com.mckoi.database.jdbcserver.MultiThreadedConnectionPoolServer$1.run(MultiThreadedConnectionPoolServer.java:171)
	at com.mckoi.database.WorkerThread.run(WorkerThread.java:123)
> com.mckoi.database.jdbcserver.JDBCDatabaseInterface ( lvl: 20 )
  Couldn't change to 'BedrockU.conf' schema.
> com.mckoi.database.jdbcserver.JDBCDatabaseInterface ( lvl: 20 )
  Couldn't change to 'BedrockU.conf' schema.
> com.mckoi.database.jdbcserver.JDBCDatabaseInterface ( lvl: 20 )
  Exception thrown during query processing on: [ Query:
[ SELECT Student.name, Course.courseDesc FROM Student, Enrolled,Course WHERE Student.id=Enrolled.id AND Enrolled.courseId=course.courseId ]

]
[ TIME: Wed Nov 12 17:10:33 CST 2014 ]
% com.mckoi.database.StatementException: Reference 'course.courseId' not found.
	at com.mckoi.database.interpret.TableExpressionFromSet.qualifyVariable(TableExpressionFromSet.java:470)
	at com.mckoi.database.interpret.TableExpressionFromSet$1.prepare(TableExpressionFromSet.java:487)
	at com.mckoi.database.Expression.prepare(Expression.java:368)
	at com.mckoi.database.interpret.SearchExpression.prepare(SearchExpression.java:102)
	at com.mckoi.database.interpret.Planner.prepareSearchExpression(Planner.java:80)
	at com.mckoi.database.interpret.Planner.formQueryPlan(Planner.java:436)
	at com.mckoi.database.interpret.Select.prepare(Select.java:123)
	at com.mckoi.database.interpret.SQLQueryExecutor.execute(SQLQueryExecutor.java:144)
	at com.mckoi.database.jdbcserver.AbstractJDBCDatabaseInterface.execQuery(AbstractJDBCDatabaseInterface.java:461)
	at com.mckoi.database.jdbcserver.JDBCDatabaseInterface.execQuery(JDBCDatabaseInterface.java:251)
	at com.mckoi.database.jdbcserver.JDBCProcessor.queryCommand(JDBCProcessor.java:352)
	at com.mckoi.database.jdbcserver.JDBCProcessor.processQuery(JDBCProcessor.java:293)
	at com.mckoi.database.jdbcserver.JDBCProcessor.processJDBCCommand(JDBCProcessor.java:196)
	at com.mckoi.database.jdbcserver.StreamJDBCServerConnection.processRequest(StreamJDBCServerConnection.java:137)
	at com.mckoi.database.jdbcserver.MultiThreadedConnectionPoolServer$1.run(MultiThreadedConnectionPoolServer.java:171)
	at com.mckoi.database.WorkerThread.run(WorkerThread.java:123)
> com.mckoi.database.jdbcserver.JDBCDatabaseInterface ( lvl: 20 )
  Couldn't change to 'BedrockU.conf' schema.
> com.mckoi.database.jdbcserver.JDBCDatabaseInterface ( lvl: 20 )
  Couldn't change to 'BedrockU.conf' schema.
> com.mckoi.database.jdbcserver.JDBCDatabaseInterface ( lvl: 20 )
  Couldn't change to 'BedrockU.conf' schema.
> com.mckoi.database.jdbcserver.JDBCDatabaseInterface ( lvl: 20 )
  Couldn't change to 'BedrockU.conf' schema.
> com.mckoi.database.jdbcserver.JDBCDatabaseInterface ( lvl: 20 )
  Couldn't change to 'BedrockU.conf' schema.
> com.mckoi.database.jdbcserver.JDBCDatabaseInterface ( lvl: 20 )
  Couldn't change to 'BedrockU.conf' schema.
> com.mckoi.database.jdbcserver.JDBCDatabaseInterface ( lvl: 20 )
  Couldn't change to 'BedrockU.conf' schema.
> com.mckoi.database.jdbcserver.JDBCDatabaseInterface ( lvl: 20 )
  Exception thrown during query processing on: [ Query:
[ SELECT Student.name,Address.street, Address.city, Address.state, Address.zip,Major.majorDesc FROM Course, Address, Major WHERE 9=Address.id AND Student.majorId=Major.MajorId ]

]
[ TIME: Wed Nov 12 17:40:26 CST 2014 ]
% com.mckoi.database.StatementException: Reference 'Student.name' not found.
	at com.mckoi.database.interpret.TableExpressionFromSet.qualifyVariable(TableExpressionFromSet.java:470)
	at com.mckoi.database.interpret.TableExpressionFromSet$1.prepare(TableExpressionFromSet.java:487)
	at com.mckoi.database.Expression.prepare(Expression.java:368)
	at com.mckoi.database.interpret.Planner$QuerySelectColumnSet.prepareSelectColumn(Planner.java:985)
	at com.mckoi.database.interpret.Planner$QuerySelectColumnSet.prepare(Planner.java:1044)
	at com.mckoi.database.interpret.Planner.formQueryPlan(Planner.java:303)
	at com.mckoi.database.interpret.Select.prepare(Select.java:123)
	at com.mckoi.database.interpret.SQLQueryExecutor.execute(SQLQueryExecutor.java:144)
	at com.mckoi.database.jdbcserver.AbstractJDBCDatabaseInterface.execQuery(AbstractJDBCDatabaseInterface.java:461)
	at com.mckoi.database.jdbcserver.JDBCDatabaseInterface.execQuery(JDBCDatabaseInterface.java:251)
	at com.mckoi.database.jdbcserver.JDBCProcessor.queryCommand(JDBCProcessor.java:352)
	at com.mckoi.database.jdbcserver.JDBCProcessor.processQuery(JDBCProcessor.java:293)
	at com.mckoi.database.jdbcserver.JDBCProcessor.processJDBCCommand(JDBCProcessor.java:196)
	at com.mckoi.database.jdbcserver.StreamJDBCServerConnection.processRequest(StreamJDBCServerConnection.java:137)
	at com.mckoi.database.jdbcserver.MultiThreadedConnectionPoolServer$1.run(MultiThreadedConnectionPoolServer.java:171)
	at com.mckoi.database.WorkerThread.run(WorkerThread.java:123)
> com.mckoi.database.jdbcserver.JDBCDatabaseInterface ( lvl: 20 )
  Couldn't change to 'BedrockU.conf' schema.
> com.mckoi.database.jdbcserver.JDBCDatabaseInterface ( lvl: 20 )
  Exception thrown during query processing on: [ Query:
[ SELECT Student.name,Address.street, Address.city, Address.state, Address.zip,Major.majorDesc FROM Course, Address, Major WHERE 9=Address.id AND Student.majorId=Major.MajorId ]

]
[ TIME: Wed Nov 12 17:41:29 CST 2014 ]
% com.mckoi.database.StatementException: Reference 'Student.name' not found.
	at com.mckoi.database.interpret.TableExpressionFromSet.qualifyVariable(TableExpressionFromSet.java:470)
	at com.mckoi.database.interpret.TableExpressionFromSet$1.prepare(TableExpressionFromSet.java:487)
	at com.mckoi.database.Expression.prepare(Expression.java:368)
	at com.mckoi.database.interpret.Planner$QuerySelectColumnSet.prepareSelectColumn(Planner.java:985)
	at com.mckoi.database.interpret.Planner$QuerySelectColumnSet.prepare(Planner.java:1044)
	at com.mckoi.database.interpret.Planner.formQueryPlan(Planner.java:303)
	at com.mckoi.database.interpret.Select.prepare(Select.java:123)
	at com.mckoi.database.interpret.SQLQueryExecutor.execute(SQLQueryExecutor.java:144)
	at com.mckoi.database.jdbcserver.AbstractJDBCDatabaseInterface.execQuery(AbstractJDBCDatabaseInterface.java:461)
	at com.mckoi.database.jdbcserver.JDBCDatabaseInterface.execQuery(JDBCDatabaseInterface.java:251)
	at com.mckoi.database.jdbcserver.JDBCProcessor.queryCommand(JDBCProcessor.java:352)
	at com.mckoi.database.jdbcserver.JDBCProcessor.processQuery(JDBCProcessor.java:293)
	at com.mckoi.database.jdbcserver.JDBCProcessor.processJDBCCommand(JDBCProcessor.java:196)
	at com.mckoi.database.jdbcserver.StreamJDBCServerConnection.processRequest(StreamJDBCServerConnection.java:137)
	at com.mckoi.database.jdbcserver.MultiThreadedConnectionPoolServer$1.run(MultiThreadedConnectionPoolServer.java:171)
	at com.mckoi.database.WorkerThread.run(WorkerThread.java:123)
> com.mckoi.database.jdbcserver.JDBCDatabaseInterface ( lvl: 20 )
  Couldn't change to 'BedrockU.conf' schema.
> com.mckoi.database.jdbcserver.JDBCDatabaseInterface ( lvl: 20 )
  Exception thrown during query processing on: [ Query:
[ SELECT Student.name,Address.street, Address.city, Address.state, Address.zip,Major.majorDesc FROM Student, Address, Major WHERE 9=Address.id AND Student.majorId=Major.MajorId ]

]
[ TIME: Wed Nov 12 17:42:46 CST 2014 ]
% com.mckoi.database.StatementException: Reference 'Major.MajorId' not found.
	at com.mckoi.database.interpret.TableExpressionFromSet.qualifyVariable(TableExpressionFromSet.java:470)
	at com.mckoi.database.interpret.TableExpressionFromSet$1.prepare(TableExpressionFromSet.java:487)
	at com.mckoi.database.Expression.prepare(Expression.java:368)
	at com.mckoi.database.interpret.SearchExpression.prepare(SearchExpression.java:102)
	at com.mckoi.database.interpret.Planner.prepareSearchExpression(Planner.java:80)
	at com.mckoi.database.interpret.Planner.formQueryPlan(Planner.java:436)
	at com.mckoi.database.interpret.Select.prepare(Select.java:123)
	at com.mckoi.database.interpret.SQLQueryExecutor.execute(SQLQueryExecutor.java:144)
	at com.mckoi.database.jdbcserver.AbstractJDBCDatabaseInterface.execQuery(AbstractJDBCDatabaseInterface.java:461)
	at com.mckoi.database.jdbcserver.JDBCDatabaseInterface.execQuery(JDBCDatabaseInterface.java:251)
	at com.mckoi.database.jdbcserver.JDBCProcessor.queryCommand(JDBCProcessor.java:352)
	at com.mckoi.database.jdbcserver.JDBCProcessor.processQuery(JDBCProcessor.java:293)
	at com.mckoi.database.jdbcserver.JDBCProcessor.processJDBCCommand(JDBCProcessor.java:196)
	at com.mckoi.database.jdbcserver.StreamJDBCServerConnection.processRequest(StreamJDBCServerConnection.java:137)
	at com.mckoi.database.jdbcserver.MultiThreadedConnectionPoolServer$1.run(MultiThreadedConnectionPoolServer.java:171)
	at com.mckoi.database.WorkerThread.run(WorkerThread.java:123)
> com.mckoi.database.jdbcserver.JDBCDatabaseInterface ( lvl: 20 )
  Couldn't change to 'BedrockU.conf' schema.
> com.mckoi.database.jdbcserver.JDBCDatabaseInterface ( lvl: 20 )
  Couldn't change to 'BedrockU.conf' schema.
> com.mckoi.database.jdbcserver.JDBCDatabaseInterface ( lvl: 20 )
  Couldn't change to 'BedrockU.conf' schema.
> com.mckoi.database.jdbcserver.JDBCDatabaseInterface ( lvl: 20 )
  Couldn't change to 'BedrockU.conf' schema.
> com.mckoi.database.jdbcserver.JDBCDatabaseInterface ( lvl: 20 )
  Couldn't change to 'BedrockU.conf' schema.
> com.mckoi.database.jdbcserver.JDBCDatabaseInterface ( lvl: 20 )
  Couldn't change to 'BedrockU.conf' schema.
> com.mckoi.database.jdbcserver.JDBCDatabaseInterface ( lvl: 20 )
  Couldn't change to 'BedrockU.conf' schema.
> com.mckoi.database.jdbcserver.JDBCDatabaseInterface ( lvl: 20 )
  Couldn't change to 'BedrockU.conf' schema.
> com.mckoi.database.jdbcserver.JDBCDatabaseInterface ( lvl: 20 )
  Couldn't change to 'BedrockU.conf' schema.
> com.mckoi.database.jdbcserver.JDBCDatabaseInterface ( lvl: 20 )
  Couldn't change to 'BedrockU.conf' schema.
> com.mckoi.database.jdbcserver.JDBCDatabaseInterface ( lvl: 20 )
  Couldn't change to 'BedrockU.conf' schema.
> com.mckoi.database.jdbcserver.JDBCDatabaseInterface ( lvl: 20 )
  Couldn't change to 'BedrockU.conf' schema.
> com.mckoi.database.jdbcserver.JDBCDatabaseInterface ( lvl: 20 )
  Couldn't change to 'BedrockU.conf' schema.
> com.mckoi.database.jdbcserver.JDBCDatabaseInterface ( lvl: 20 )
  Couldn't change to 'BedrockU.conf' schema.
> com.mckoi.database.jdbcserver.JDBCDatabaseInterface ( lvl: 20 )
  Couldn't change to 'BedrockU.conf' schema.
> com.mckoi.database.jdbcserver.JDBCDatabaseInterface ( lvl: 20 )
  Couldn't change to 'BedrockU.conf' schema.
> com.mckoi.database.jdbcserver.JDBCDatabaseInterface ( lvl: 20 )
  Couldn't change to 'BedrockU.conf' schema.
> com.mckoi.database.jdbcserver.JDBCDatabaseInterface ( lvl: 20 )
  Couldn't change to 'BedrockU.conf' schema.
> com.mckoi.database.jdbcserver.JDBCDatabaseInterface ( lvl: 20 )
  Couldn't change to 'BedrockU.conf' schema.
> com.mckoi.database.jdbcserver.JDBCDatabaseInterface ( lvl: 20 )
  Couldn't change to 'BedrockU.conf' schema.
> com.mckoi.database.jdbcserver.JDBCDatabaseInterface ( lvl: 20 )
  Couldn't change to 'BedrockU.conf' schema.
> com.mckoi.database.jdbcserver.JDBCDatabaseInterface ( lvl: 20 )
  Couldn't change to 'BedrockU.conf' schema.
> com.mckoi.database.jdbcserver.JDBCDatabaseInterface ( lvl: 20 )
  Couldn't change to 'BedrockU.conf' schema.
> com.mckoi.database.jdbcserver.JDBCDatabaseInterface ( lvl: 20 )
  Couldn't change to 'BedrockU.conf' schema.
> com.mckoi.database.jdbcserver.JDBCDatabaseInterface ( lvl: 20 )
  Couldn't change to 'BedrockU.conf' schema.
> com.mckoi.database.jdbcserver.JDBCDatabaseInterface ( lvl: 20 )
  Couldn't change to 'BedrockU.conf' schema.
> com.mckoi.database.jdbcserver.JDBCDatabaseInterface ( lvl: 20 )
  Couldn't change to 'BedrockU.conf' schema.
> com.mckoi.database.jdbcserver.JDBCDatabaseInterface ( lvl: 20 )
  Couldn't change to 'BedrockU.conf' schema.
> com.mckoi.database.jdbcserver.JDBCDatabaseInterface ( lvl: 20 )
  Couldn't change to 'BedrockU.conf' schema.
> com.mckoi.database.jdbcserver.JDBCDatabaseInterface ( lvl: 20 )
  Couldn't change to 'BedrockU.conf' schema.
> com.mckoi.database.jdbcserver.JDBCDatabaseInterface ( lvl: 20 )
  Couldn't change to 'BedrockU.conf' schema.
> com.mckoi.database.jdbcserver.JDBCDatabaseInterface ( lvl: 20 )
  Couldn't change to 'BedrockU.conf' schema.
> com.mckoi.database.jdbcserver.JDBCDatabaseInterface ( lvl: 20 )
  Couldn't change to 'BedrockU.conf' schema.
> com.mckoi.database.jdbcserver.JDBCDatabaseInterface ( lvl: 20 )
  Couldn't change to 'BedrockU.conf' schema.
> com.mckoi.database.jdbcserver.JDBCDatabaseInterface ( lvl: 20 )
  Couldn't change to 'BedrockU.conf' schema.
> com.mckoi.database.jdbcserver.JDBCDatabaseInterface ( lvl: 20 )
  Couldn't change to 'BedrockU.conf' schema.
> com.mckoi.database.jdbcserver.JDBCDatabaseInterface ( lvl: 20 )
  Couldn't change to 'BedrockU.conf' schema.
> com.mckoi.database.jdbcserver.JDBCDatabaseInterface ( lvl: 20 )
  Couldn't change to 'BedrockU.conf' schema.
> com.mckoi.database.jdbcserver.JDBCDatabaseInterface ( lvl: 20 )
  Couldn't change to 'BedrockU.conf' schema.
> com.mckoi.database.jdbcserver.JDBCDatabaseInterface ( lvl: 20 )
  Couldn't change to 'BedrockU.conf' schema.
> com.mckoi.database.jdbcserver.JDBCDatabaseInterface ( lvl: 20 )
  Couldn't change to 'BedrockU.conf' schema.
> com.mckoi.database.jdbcserver.JDBCDatabaseInterface ( lvl: 20 )
  Couldn't change to 'BedrockU.conf' schema.
> com.mckoi.database.jdbcserver.JDBCDatabaseInterface ( lvl: 20 )
  Couldn't change to 'BedrockU.conf' schema.
> com.mckoi.database.jdbcserver.JDBCDatabaseInterface ( lvl: 20 )
  Couldn't change to 'BedrockU.conf' schema.
> com.mckoi.database.jdbcserver.JDBCDatabaseInterface ( lvl: 20 )
  Couldn't change to 'BedrockU.conf' schema.
> com.mckoi.database.jdbcserver.JDBCDatabaseInterface ( lvl: 20 )
  Couldn't change to 'BedrockU.conf' schema.
> com.mckoi.database.jdbcserver.JDBCDatabaseInterface ( lvl: 20 )
  Couldn't change to 'BedrockU.conf' schema.
> com.mckoi.database.jdbcserver.JDBCDatabaseInterface ( lvl: 20 )
  Couldn't change to 'BedrockU.conf' schema.
> com.mckoi.database.jdbcserver.JDBCDatabaseInterface ( lvl: 20 )
  Couldn't change to 'BedrockU.conf' schema.
> com.mckoi.database.jdbcserver.JDBCDatabaseInterface ( lvl: 20 )
  Couldn't change to 'BedrockU.conf' schema.
> com.mckoi.database.jdbcserver.JDBCDatabaseInterface ( lvl: 20 )
  Couldn't change to 'BedrockU.conf' schema.
> com.mckoi.database.jdbcserver.JDBCDatabaseInterface ( lvl: 20 )
  Couldn't change to 'BedrockU.conf' schema.
> com.mckoi.database.jdbcserver.JDBCDatabaseInterface ( lvl: 20 )
  Couldn't change to 'BedrockU.conf' schema.
> com.mckoi.database.jdbcserver.JDBCDatabaseInterface ( lvl: 20 )
  Couldn't change to 'BedrockU.conf' schema.
> com.mckoi.database.jdbcserver.JDBCDatabaseInterface ( lvl: 20 )
  Couldn't change to 'BedrockU.conf' schema.
> com.mckoi.database.jdbcserver.JDBCDatabaseInterface ( lvl: 20 )
  Couldn't change to 'BedrockU.conf' schema.
> com.mckoi.database.jdbcserver.JDBCDatabaseInterface ( lvl: 20 )
  Couldn't change to 'BedrockU.conf' schema.
> com.mckoi.database.jdbcserver.JDBCDatabaseInterface ( lvl: 20 )
  Couldn't change to 'BedrockU.conf' schema.
> com.mckoi.database.jdbcserver.JDBCDatabaseInterface ( lvl: 20 )
  Couldn't change to 'BedrockU.conf' schema.
> com.mckoi.database.jdbcserver.JDBCDatabaseInterface ( lvl: 20 )
  Couldn't change to 'BedrockU.conf' schema.
> com.mckoi.database.jdbcserver.JDBCDatabaseInterface ( lvl: 20 )
  Couldn't change to 'BedrockU.conf' schema.
> com.mckoi.database.jdbcserver.JDBCDatabaseInterface ( lvl: 20 )
  Couldn't change to 'BedrockU.conf' schema.
> com.mckoi.database.jdbcserver.JDBCDatabaseInterface ( lvl: 20 )
  Couldn't change to 'BedrockU.conf' schema.
> com.mckoi.database.jdbcserver.JDBCDatabaseInterface ( lvl: 20 )
  Couldn't change to 'BedrockU.conf' schema.
> com.mckoi.database.jdbcserver.JDBCDatabaseInterface ( lvl: 20 )
  Couldn't change to 'BedrockU.conf' schema.
> com.mckoi.database.jdbcserver.JDBCDatabaseInterface ( lvl: 20 )
  Couldn't change to 'BedrockU.conf' schema.
> com.mckoi.database.jdbcserver.JDBCDatabaseInterface ( lvl: 20 )
  Couldn't change to 'BedrockU.conf' schema.
> com.mckoi.database.jdbcserver.JDBCDatabaseInterface ( lvl: 20 )
  Couldn't change to 'BedrockU.conf' schema.
> com.mckoi.database.jdbcserver.JDBCDatabaseInterface ( lvl: 20 )
  Couldn't change to 'BedrockU.conf' schema.
> com.mckoi.database.jdbcserver.JDBCDatabaseInterface ( lvl: 20 )
  Couldn't change to 'BedrockU.conf' schema.
> com.mckoi.database.jdbcserver.JDBCDatabaseInterface ( lvl: 20 )
  Couldn't change to 'BedrockU.conf' schema.
> com.mckoi.database.jdbcserver.JDBCDatabaseInterface ( lvl: 20 )
  Couldn't change to 'BedrockU.conf' schema.
> com.mckoi.database.jdbcserver.JDBCDatabaseInterface ( lvl: 20 )
  Couldn't change to 'BedrockU.conf' schema.
> com.mckoi.database.jdbcserver.JDBCDatabaseInterface ( lvl: 20 )
  Couldn't change to 'BedrockU.conf' schema.
> com.mckoi.database.jdbcserver.JDBCDatabaseInterface ( lvl: 20 )
  Couldn't change to 'BedrockU.conf' schema.
> com.mckoi.database.jdbcserver.JDBCDatabaseInterface ( lvl: 20 )
  Couldn't change to 'BedrockU.conf' schema.
> com.mckoi.database.jdbcserver.JDBCDatabaseInterface ( lvl: 20 )
  Couldn't change to 'BedrockU.conf' schema.
> com.mckoi.database.jdbcserver.JDBCDatabaseInterface ( lvl: 20 )
  Couldn't change to 'BedrockU.conf' schema.
> com.mckoi.database.jdbcserver.JDBCDatabaseInterface ( lvl: 20 )
  Couldn't change to 'BedrockU.conf' schema.
> com.mckoi.database.jdbcserver.JDBCDatabaseInterface ( lvl: 20 )
  Couldn't change to 'BedrockU.conf' schema.
> com.mckoi.database.jdbcserver.JDBCDatabaseInterface ( lvl: 20 )
  Couldn't change to 'BedrockU.conf' schema.
> com.mckoi.database.jdbcserver.JDBCDatabaseInterface ( lvl: 20 )
  Couldn't change to 'BedrockU.conf' schema.
> com.mckoi.database.jdbcserver.JDBCDatabaseInterface ( lvl: 20 )
  Couldn't change to 'BedrockU.conf' schema.
**** Debug log started: Thu Nov 13 14:23:02 CST 2014 ****
% Storage System: v1 file storage mode.
% Internal Data Cache size:          4194304
% Internal Data Cache max cell size: 8192
% lookup_comparison_list = false
% read_only = false
% transaction_error_on_dirty_select = true
% ignore_case_for_identifiers = false
% Java NIO API is available.
% io_safety_level = 10
% Using stardard IO API for heap buffered file access.
% [Buffer Manager] Using IO API: Java IO
% [Buffer Manager] Page Size: 8192
% [Buffer Manager] Max pages: 256
% Using regex bridge: gnu.regexp
% No 'function_factories' config property found.
% statement_cache = true
% Max worker threads set to: 4
% Starting Database Server
> com.mckoi.database.jdbcserver.JDBCDatabaseInterface ( lvl: 20 )
  Couldn't change to 'BedrockU.conf' schema.
> com.mckoi.database.jdbcserver.JDBCDatabaseInterface ( lvl: 20 )
  Couldn't change to 'BedrockU.conf' schema.
> com.mckoi.database.jdbcserver.JDBCDatabaseInterface ( lvl: 20 )
  Couldn't change to 'BedrockU.conf' schema.
> com.mckoi.database.jdbcserver.JDBCDatabaseInterface ( lvl: 20 )
  Couldn't change to 'BedrockU.conf' schema.
> com.mckoi.database.jdbcserver.JDBCDatabaseInterface ( lvl: 20 )
  Couldn't change to 'BedrockU.conf' schema.
> com.mckoi.database.jdbcserver.JDBCDatabaseInterface ( lvl: 20 )
  Exception thrown during query processing on: [ Query:
[ INSERT INTO Major(majorId, majorDesc) VALUES (5, 'Computer Science') ]

]
[ TIME: Thu Nov 13 14:29:46 CST 2014 ]
% com.mckoi.database.DatabaseConstraintViolationException: Immediate primary Key constraint violation (_ANONYMOUS_CONSTRAINT_20) Columns = ( majorId ) Table = ( APP.Major )
	at com.mckoi.database.TableDataConglomerate.checkAddConstraintViolations(TableDataConglomerate.java:1963)
	at com.mckoi.database.MasterTableDataSource$MMutableTableDataSource.constraintIntegrityCheck(MasterTableDataSource.java:1924)
	at com.mckoi.database.DataTable.add(DataTable.java:180)
	at com.mckoi.database.interpret.Insert.evaluate(Insert.java:262)
	at com.mckoi.database.interpret.SQLQueryExecutor.execute(SQLQueryExecutor.java:147)
	at com.mckoi.database.jdbcserver.AbstractJDBCDatabaseInterface.execQuery(AbstractJDBCDatabaseInterface.java:461)
	at com.mckoi.database.jdbcserver.JDBCDatabaseInterface.execQuery(JDBCDatabaseInterface.java:251)
	at com.mckoi.database.jdbcserver.JDBCProcessor.queryCommand(JDBCProcessor.java:352)
	at com.mckoi.database.jdbcserver.JDBCProcessor.processQuery(JDBCProcessor.java:293)
	at com.mckoi.database.jdbcserver.JDBCProcessor.processJDBCCommand(JDBCProcessor.java:196)
	at com.mckoi.database.jdbcserver.StreamJDBCServerConnection.processRequest(StreamJDBCServerConnection.java:137)
	at com.mckoi.database.jdbcserver.MultiThreadedConnectionPoolServer$1.run(MultiThreadedConnectionPoolServer.java:171)
	at com.mckoi.database.WorkerThread.run(WorkerThread.java:123)
> com.mckoi.database.jdbcserver.JDBCDatabaseInterface ( lvl: 20 )
  Couldn't change to 'BedrockU.conf' schema.
> com.mckoi.database.jdbcserver.JDBCDatabaseInterface ( lvl: 20 )
  Couldn't change to 'BedrockU.conf' schema.
> com.mckoi.database.jdbcserver.JDBCDatabaseInterface ( lvl: 20 )
  Couldn't change to 'BedrockU.conf' schema.
> com.mckoi.database.jdbcserver.JDBCDatabaseInterface ( lvl: 20 )
  Couldn't change to 'BedrockU.conf' schema.
> com.mckoi.database.jdbcserver.JDBCDatabaseInterface ( lvl: 20 )
  Couldn't change to 'BedrockU.conf' schema.
> com.mckoi.database.jdbcserver.JDBCDatabaseInterface ( lvl: 20 )
  Couldn't change to 'BedrockU.conf' schema.
> com.mckoi.database.jdbcserver.JDBCDatabaseInterface ( lvl: 20 )
  Couldn't change to 'BedrockU.conf' schema.
> com.mckoi.database.jdbcserver.JDBCDatabaseInterface ( lvl: 20 )
  Couldn't change to 'BedrockU.conf' schema.
> com.mckoi.database.jdbcserver.JDBCDatabaseInterface ( lvl: 20 )
  Couldn't change to 'BedrockU.conf' schema.
> com.mckoi.database.jdbcserver.JDBCDatabaseInterface ( lvl: 20 )
  Couldn't change to 'BedrockU.conf' schema.
> com.mckoi.database.jdbcserver.JDBCDatabaseInterface ( lvl: 20 )
  Couldn't change to 'BedrockU.conf' schema.
> com.mckoi.database.jdbcserver.JDBCDatabaseInterface ( lvl: 20 )
  Couldn't change to 'BedrockU.conf' schema.
> com.mckoi.database.jdbcserver.JDBCDatabaseInterface ( lvl: 20 )
  Couldn't change to 'BedrockU.conf' schema.
> com.mckoi.database.jdbcserver.JDBCDatabaseInterface ( lvl: 20 )
  Couldn't change to 'BedrockU.conf' schema.
> com.mckoi.database.jdbcserver.JDBCDatabaseInterface ( lvl: 20 )
  Couldn't change to 'BedrockU.conf' schema.
> com.mckoi.database.jdbcserver.JDBCDatabaseInterface ( lvl: 20 )
  Couldn't change to 'BedrockU.conf' schema.
> com.mckoi.database.jdbcserver.JDBCDatabaseInterface ( lvl: 20 )
  Couldn't change to 'BedrockU.conf' schema.
> com.mckoi.database.jdbcserver.JDBCDatabaseInterface ( lvl: 20 )
  Couldn't change to 'BedrockU.conf' schema.
> com.mckoi.database.jdbcserver.JDBCDatabaseInterface ( lvl: 20 )
  Couldn't change to 'BedrockU.conf' schema.
> com.mckoi.database.jdbcserver.JDBCDatabaseInterface ( lvl: 20 )
  Couldn't change to 'BedrockU.conf' schema.
> com.mckoi.database.jdbcserver.JDBCDatabaseInterface ( lvl: 20 )
  Couldn't change to 'BedrockU.conf' schema.
> com.mckoi.database.jdbcserver.JDBCDatabaseInterface ( lvl: 20 )
  Couldn't change to 'BedrockU.conf' schema.
> com.mckoi.database.jdbcserver.JDBCDatabaseInterface ( lvl: 20 )
  Couldn't change to 'BedrockU.conf' schema.
> com.mckoi.database.jdbcserver.JDBCDatabaseInterface ( lvl: 20 )
  Couldn't change to 'BedrockU.conf' schema.
> com.mckoi.database.jdbcserver.JDBCDatabaseInterface ( lvl: 20 )
  Couldn't change to 'BedrockU.conf' schema.
> com.mckoi.database.jdbcserver.JDBCDatabaseInterface ( lvl: 20 )
  Couldn't change to 'BedrockU.conf' schema.
> com.mckoi.database.jdbcserver.JDBCDatabaseInterface ( lvl: 20 )
  Couldn't change to 'BedrockU.conf' schema.
> com.mckoi.database.jdbcserver.JDBCDatabaseInterface ( lvl: 20 )
  Couldn't change to 'BedrockU.conf' schema.
> com.mckoi.database.jdbcserver.JDBCDatabaseInterface ( lvl: 20 )
  Exception thrown during query processing on: [ Query:
[ INSERT INTO Course(courseId, courseDesc) VALUES (5, 'cmps341') ]

]
[ TIME: Thu Nov 13 15:15:42 CST 2014 ]
% com.mckoi.database.DatabaseConstraintViolationException: Immediate primary Key constraint violation (_ANONYMOUS_CONSTRAINT_19) Columns = ( courseId ) Table = ( APP.Course )
	at com.mckoi.database.TableDataConglomerate.checkAddConstraintViolations(TableDataConglomerate.java:1963)
	at com.mckoi.database.MasterTableDataSource$MMutableTableDataSource.constraintIntegrityCheck(MasterTableDataSource.java:1924)
	at com.mckoi.database.DataTable.add(DataTable.java:180)
	at com.mckoi.database.interpret.Insert.evaluate(Insert.java:262)
	at com.mckoi.database.interpret.SQLQueryExecutor.execute(SQLQueryExecutor.java:147)
	at com.mckoi.database.jdbcserver.AbstractJDBCDatabaseInterface.execQuery(AbstractJDBCDatabaseInterface.java:461)
	at com.mckoi.database.jdbcserver.JDBCDatabaseInterface.execQuery(JDBCDatabaseInterface.java:251)
	at com.mckoi.database.jdbcserver.JDBCProcessor.queryCommand(JDBCProcessor.java:352)
	at com.mckoi.database.jdbcserver.JDBCProcessor.processQuery(JDBCProcessor.java:293)
	at com.mckoi.database.jdbcserver.JDBCProcessor.processJDBCCommand(JDBCProcessor.java:196)
	at com.mckoi.database.jdbcserver.StreamJDBCServerConnection.processRequest(StreamJDBCServerConnection.java:137)
	at com.mckoi.database.jdbcserver.MultiThreadedConnectionPoolServer$1.run(MultiThreadedConnectionPoolServer.java:171)
	at com.mckoi.database.WorkerThread.run(WorkerThread.java:123)
> com.mckoi.database.jdbcserver.JDBCDatabaseInterface ( lvl: 20 )
  Couldn't change to 'BedrockU.conf' schema.
> com.mckoi.database.jdbcserver.JDBCDatabaseInterface ( lvl: 20 )
  Couldn't change to 'BedrockU.conf' schema.
> com.mckoi.database.jdbcserver.JDBCDatabaseInterface ( lvl: 20 )
  Couldn't change to 'BedrockU.conf' schema.
> com.mckoi.database.jdbcserver.JDBCDatabaseInterface ( lvl: 20 )
  Exception thrown during query processing on: [ Query:
[ INSERT INTO Course(courseId, courseDesc) VALUES (5, '11') ]

]
[ TIME: Thu Nov 13 15:16:23 CST 2014 ]
% com.mckoi.database.DatabaseConstraintViolationException: Immediate primary Key constraint violation (_ANONYMOUS_CONSTRAINT_19) Columns = ( courseId ) Table = ( APP.Course )
	at com.mckoi.database.TableDataConglomerate.checkAddConstraintViolations(TableDataConglomerate.java:1963)
	at com.mckoi.database.MasterTableDataSource$MMutableTableDataSource.constraintIntegrityCheck(MasterTableDataSource.java:1924)
	at com.mckoi.database.DataTable.add(DataTable.java:180)
	at com.mckoi.database.interpret.Insert.evaluate(Insert.java:262)
	at com.mckoi.database.interpret.SQLQueryExecutor.execute(SQLQueryExecutor.java:147)
	at com.mckoi.database.jdbcserver.AbstractJDBCDatabaseInterface.execQuery(AbstractJDBCDatabaseInterface.java:461)
	at com.mckoi.database.jdbcserver.JDBCDatabaseInterface.execQuery(JDBCDatabaseInterface.java:251)
	at com.mckoi.database.jdbcserver.JDBCProcessor.queryCommand(JDBCProcessor.java:352)
	at com.mckoi.database.jdbcserver.JDBCProcessor.processQuery(JDBCProcessor.java:293)
	at com.mckoi.database.jdbcserver.JDBCProcessor.processJDBCCommand(JDBCProcessor.java:196)
	at com.mckoi.database.jdbcserver.StreamJDBCServerConnection.processRequest(StreamJDBCServerConnection.java:137)
	at com.mckoi.database.jdbcserver.MultiThreadedConnectionPoolServer$1.run(MultiThreadedConnectionPoolServer.java:171)
	at com.mckoi.database.WorkerThread.run(WorkerThread.java:123)
> com.mckoi.database.jdbcserver.JDBCDatabaseInterface ( lvl: 20 )
  Couldn't change to 'BedrockU.conf' schema.
> com.mckoi.database.jdbcserver.JDBCDatabaseInterface ( lvl: 20 )
  Couldn't change to 'BedrockU.conf' schema.
> com.mckoi.database.jdbcserver.JDBCDatabaseInterface ( lvl: 20 )
  Couldn't change to 'BedrockU.conf' schema.
> com.mckoi.database.jdbcserver.JDBCDatabaseInterface ( lvl: 20 )
  Couldn't change to 'BedrockU.conf' schema.
> com.mckoi.database.jdbcserver.JDBCDatabaseInterface ( lvl: 20 )
  Couldn't change to 'BedrockU.conf' schema.
> com.mckoi.database.jdbcserver.JDBCDatabaseInterface ( lvl: 20 )
  Couldn't change to 'BedrockU.conf' schema.
